## ComfyUI-Manager: installing dependencies done.
[2025-08-16 23:35:42.590] ** ComfyUI startup time: 2025-08-16 23:35:42.590
[2025-08-16 23:35:42.590] ** Platform: Windows
[2025-08-16 23:35:42.590] ** Python version: 3.12.9 (main, Feb 12 2025, 14:52:31) [MSC v.1942 64 bit (AMD64)]
[2025-08-16 23:35:42.590] ** Python executable: C:\comfyUi\.venv\Scripts\python.exe
[2025-08-16 23:35:42.591] ** ComfyUI Path: C:\Users\GCTAN\AppData\Local\Programs\@comfyorgcomfyui-electron\resources\ComfyUI
[2025-08-16 23:35:42.591] ** ComfyUI Base Folder Path: C:\Users\GCTAN\AppData\Local\Programs\@comfyorgcomfyui-electron\resources\ComfyUI
[2025-08-16 23:35:42.591] ** User directory: C:\comfyUi\user
[2025-08-16 23:35:42.591] ** ComfyUI-Manager config path: C:\comfyUi\user\default\ComfyUI-Manager\config.ini
[2025-08-16 23:35:42.591] ** Log path: C:\comfyUi\user\comfyui.log
[ComfyUI-Manager] Failed to restore comfyui-frontend-package
[2025-08-16 23:35:43.589] expected str, bytes or os.PathLike object, not NoneType
[2025-08-16 23:35:43.590] 
Prestartup times for custom nodes:
[2025-08-16 23:35:43.590]    3.0 seconds: C:\Users\GCTAN\AppData\Local\Programs\@comfyorgcomfyui-electron\resources\ComfyUI\custom_nodes\ComfyUI-Manager
[2025-08-16 23:35:43.590] 
[2025-08-16 23:35:47.166] Checkpoint files will always be loaded safely.
[2025-08-16 23:35:47.293] Total VRAM 8192 MB, total RAM 32561 MB
[2025-08-16 23:35:47.293] pytorch version: 2.7.0+cu128
[2025-08-16 23:35:47.293] Set vram state to: NORMAL_VRAM
[2025-08-16 23:35:47.294] Device: cuda:0 NVIDIA GeForce GTX 1080 : cudaMallocAsync
[2025-08-16 23:35:49.595] Using pytorch attention
[2025-08-16 23:35:52.120] Python version: 3.12.9 (main, Feb 12 2025, 14:52:31) [MSC v.1942 64 bit (AMD64)]
[2025-08-16 23:35:52.120] ComfyUI version: 0.3.50
[2025-08-16 23:35:52.143] [Prompt Server] web root: C:\Users\GCTAN\AppData\Local\Programs\@comfyorgcomfyui-electron\resources\ComfyUI\web_custom_versions\desktop_app
[2025-08-16 23:35:53.480] ComfyUI-GGUF: Partial torch compile only, consider updating pytorch
[2025-08-16 23:35:53.497] ### Loading: ComfyUI-Manager (V3.30.4)
[2025-08-16 23:35:53.497] [ComfyUI-Manager] network_mode: public
[2025-08-16 23:35:53.498] ### ComfyUI Revision: UNKNOWN (The currently installed ComfyUI is not a Git repository)
[2025-08-16 23:35:53.507] 
Import times for custom nodes:
[2025-08-16 23:35:53.507]    0.0 seconds: C:\Users\GCTAN\AppData\Local\Programs\@comfyorgcomfyui-electron\resources\ComfyUI\custom_nodes\websocket_image_save.py
[2025-08-16 23:35:53.507]    0.0 seconds: C:\Users\GCTAN\AppData\Local\Programs\@comfyorgcomfyui-electron\resources\ComfyUI\custom_nodes\ComfyUI-Manager
[2025-08-16 23:35:53.507]    0.0 seconds: C:\comfyUi\custom_nodes\ComfyUI-GGUF
[2025-08-16 23:35:53.507] 
[2025-08-16 23:35:53.636] [ComfyUI-Manager] default cache updated: https://raw.githubusercontent.com/ltdrdata/ComfyUI-Manager/main/alter-list.json
[2025-08-16 23:35:53.651] [ComfyUI-Manager] default cache updated: https://raw.githubusercontent.com/ltdrdata/ComfyUI-Manager/main/model-list.json
[2025-08-16 23:35:53.695] [ComfyUI-Manager] default cache updated: https://raw.githubusercontent.com/ltdrdata/ComfyUI-Manager/main/github-stats.json
[2025-08-16 23:35:53.738] [ComfyUI-Manager] default cache updated: https://raw.githubusercontent.com/ltdrdata/ComfyUI-Manager/main/extension-node-map.json
[2025-08-16 23:35:53.958] [ComfyUI-Manager] default cache updated: https://raw.githubusercontent.com/ltdrdata/ComfyUI-Manager/main/custom-node-list.json
[2025-08-16 23:35:54.193] Failed to initialize database. Please ensure you have installed the latest requirements. If the error persists, please report this as in future the database will be required: (sqlite3.OperationalError) unable to open database file
(Background on this error at: https://sqlalche.me/e/20/e3q8)
[2025-08-16 23:35:54.207] Starting server

[2025-08-16 23:35:54.207] To see the GUI go to: http://127.0.0.1:8002
[2025-08-16 23:35:55.410] comfyui-frontend-package not found in requirements.txt
[2025-08-16 23:35:57.592] FETCH ComfyRegistry Data: 5/94
[2025-08-16 23:36:00.413] got prompt
[2025-08-16 23:36:00.445] Using pytorch attention in VAE
[2025-08-16 23:36:00.446] Using pytorch attention in VAE
[2025-08-16 23:36:00.802] VAE load device: cuda:0, offload device: cpu, dtype: torch.float16
[2025-08-16 23:36:00.968] Using scaled fp8: fp8 matrix mult: False, scale input: False
[2025-08-16 23:36:01.191] CLIP/text encoder model load device: cuda:0, offload device: cpu, current: cpu, dtype: torch.float16
[2025-08-16 23:36:01.637] FETCH ComfyRegistry Data: 10/94
[2025-08-16 23:36:05.600] FETCH ComfyRegistry Data: 15/94
[2025-08-16 23:36:09.510] FETCH ComfyRegistry Data: 20/94
[2025-08-16 23:36:09.520] Requested to load QwenImageTEModel_
[2025-08-16 23:36:10.906] loaded partially 5755.8 5755.799617767334 0
[2025-08-16 23:36:12.906] 0 models unloaded.
[2025-08-16 23:36:12.911] loaded partially 5755.799617862702 5755.799617767334 0
[2025-08-16 23:36:13.646] FETCH ComfyRegistry Data: 25/94
[2025-08-16 23:36:18.994] FETCH ComfyRegistry Data: 30/94
[2025-08-16 23:36:21.491] model weight dtype torch.float8_e4m3fn, manual cast: torch.float32
[2025-08-16 23:36:21.503] model_type FLUX
[2025-08-16 23:36:22.790] FETCH ComfyRegistry Data: 35/94
[2025-08-16 23:36:26.699] FETCH ComfyRegistry Data: 40/94
[2025-08-16 23:36:30.671] FETCH ComfyRegistry Data: 45/94
[2025-08-16 23:36:34.434] FETCH ComfyRegistry Data: 50/94
[2025-08-16 23:36:38.513] FETCH ComfyRegistry Data: 55/94
[2025-08-16 23:36:42.512] FETCH ComfyRegistry Data: 60/94
[2025-08-16 23:36:46.554] FETCH ComfyRegistry Data: 65/94
[2025-08-16 23:36:51.930] FETCH ComfyRegistry Data: 70/94
[2025-08-16 23:36:55.814] FETCH ComfyRegistry Data: 75/94
[2025-08-16 23:36:59.682] FETCH ComfyRegistry Data: 80/94
[2025-08-16 23:37:03.042] Requested to load QwenImage
[2025-08-16 23:37:04.045] FETCH ComfyRegistry Data: 85/94
[2025-08-16 23:37:08.904] FETCH ComfyRegistry Data: 90/94
[2025-08-16 23:37:10.532] loaded partially 5725.674919891358 5719.523986816406 0
[2025-08-16 23:37:12.586] FETCH ComfyRegistry Data [DONE]
[2025-08-16 23:37:12.780] [ComfyUI-Manager] default cache updated: https://api.comfy.org/nodes
[2025-08-16 23:37:13.215] nightly_channel: 
[2025-08-16 23:37:13.215] https://raw.githubusercontent.com/ltdrdata/ComfyUI-Manager/main/remote
[2025-08-16 23:37:13.217] FETCH DATA from: https://raw.githubusercontent.com/ltdrdata/ComfyUI-Manager/main/custom-node-list.json [DONE]
[2025-08-16 23:37:13.508] [ComfyUI-Manager] All startup tasks have been completed.
[2025-08-16 23:45:09.631] 100%|██████████| 20/20 [07:58<00:00, 23.39s/it]100%|██████████| 20/20 [07:58<00:00, 23.94s/it]
[2025-08-16 23:45:09.632] Requested to load WanVAE
[2025-08-16 23:45:12.242] loaded completely 1370.330078125 242.02829551696777 True
[2025-08-16 23:45:13.333] Prompt executed in 552.92 seconds
