## ComfyUI-Manager: installing dependencies done.
[2025-08-23 00:25:19.621] ** ComfyUI startup time: 2025-08-23 00:25:19.621
[2025-08-23 00:25:19.622] ** Platform: Windows
[2025-08-23 00:25:19.622] ** Python version: 3.12.9 (main, Feb 12 2025, 14:52:31) [MSC v.1942 64 bit (AMD64)]
[2025-08-23 00:25:19.622] ** Python executable: C:\comfyUi\.venv\Scripts\python.exe
[2025-08-23 00:25:19.622] ** ComfyUI Path: C:\Users\GCTAN\AppData\Local\Programs\@comfyorgcomfyui-electron\resources\ComfyUI
[2025-08-23 00:25:19.622] ** ComfyUI Base Folder Path: C:\Users\GCTAN\AppData\Local\Programs\@comfyorgcomfyui-electron\resources\ComfyUI
[2025-08-23 00:25:19.622] ** User directory: C:\comfyUi\user
[2025-08-23 00:25:19.622] ** ComfyUI-Manager config path: C:\comfyUi\user\default\ComfyUI-Manager\config.ini
[2025-08-23 00:25:19.622] ** Log path: C:\comfyUi\user\comfyui.log
[ComfyUI-Manager] Failed to restore comfyui-frontend-package
[2025-08-23 00:25:20.706] expected str, bytes or os.PathLike object, not NoneType
[2025-08-23 00:25:20.707] 
Prestartup times for custom nodes:
[2025-08-23 00:25:20.708]    5.3 seconds: C:\Users\GCTAN\AppData\Local\Programs\@comfyorgcomfyui-electron\resources\ComfyUI\custom_nodes\ComfyUI-Manager
[2025-08-23 00:25:20.708] 
[2025-08-23 00:25:26.237] Checkpoint files will always be loaded safely.
[2025-08-23 00:25:26.390] Total VRAM 8187 MB, total RAM 32561 MB
[2025-08-23 00:25:26.390] pytorch version: 2.7.0+cu128
[2025-08-23 00:25:26.391] Set vram state to: NORMAL_VRAM
[2025-08-23 00:25:26.391] Device: cuda:0 NVIDIA GeForce RTX 4060 Ti : cudaMallocAsync
[2025-08-23 00:25:30.448] Using pytorch attention
[2025-08-23 00:25:45.455] Python version: 3.12.9 (main, Feb 12 2025, 14:52:31) [MSC v.1942 64 bit (AMD64)]
[2025-08-23 00:25:45.455] ComfyUI version: 0.3.51
[2025-08-23 00:25:45.479] [Prompt Server] web root: C:\Users\GCTAN\AppData\Local\Programs\@comfyorgcomfyui-electron\resources\ComfyUI\web_custom_versions\desktop_app
[2025-08-23 00:25:47.052] ComfyUI-GGUF: Partial torch compile only, consider updating pytorch
[2025-08-23 00:25:47.076] ### Loading: ComfyUI-Manager (V3.30.4)
[2025-08-23 00:25:47.076] [ComfyUI-Manager] network_mode: public
[2025-08-23 00:25:47.076] ### ComfyUI Revision: UNKNOWN (The currently installed ComfyUI is not a Git repository)
[2025-08-23 00:25:47.093] 
Import times for custom nodes:
[2025-08-23 00:25:47.093]    0.0 seconds: C:\Users\GCTAN\AppData\Local\Programs\@comfyorgcomfyui-electron\resources\ComfyUI\custom_nodes\websocket_image_save.py
[2025-08-23 00:25:47.093]    0.0 seconds: C:\Users\GCTAN\AppData\Local\Programs\@comfyorgcomfyui-electron\resources\ComfyUI\custom_nodes\ComfyUI-Manager
[2025-08-23 00:25:47.093]    0.0 seconds: C:\comfyUi\custom_nodes\ComfyUI-GGUF
[2025-08-23 00:25:47.093] 
[2025-08-23 00:25:47.207] [ComfyUI-Manager] default cache updated: https://raw.githubusercontent.com/ltdrdata/ComfyUI-Manager/main/model-list.json
[2025-08-23 00:25:47.211] [ComfyUI-Manager] default cache updated: https://raw.githubusercontent.com/ltdrdata/ComfyUI-Manager/main/alter-list.json
[2025-08-23 00:25:47.268] [ComfyUI-Manager] default cache updated: https://raw.githubusercontent.com/ltdrdata/ComfyUI-Manager/main/github-stats.json
[2025-08-23 00:25:47.321] [ComfyUI-Manager] default cache updated: https://raw.githubusercontent.com/ltdrdata/ComfyUI-Manager/main/extension-node-map.json
[2025-08-23 00:25:47.393] [ComfyUI-Manager] default cache updated: https://raw.githubusercontent.com/ltdrdata/ComfyUI-Manager/main/custom-node-list.json
[2025-08-23 00:25:47.984] Failed to initialize database. Please ensure you have installed the latest requirements. If the error persists, please report this as in future the database will be required: (sqlite3.OperationalError) unable to open database file
(Background on this error at: https://sqlalche.me/e/20/e3q8)
[2025-08-23 00:25:47.997] Starting server

[2025-08-23 00:25:47.998] To see the GUI go to: http://127.0.0.1:8000
[2025-08-23 00:25:50.319] comfyui-frontend-package not found in requirements.txt
[2025-08-23 00:25:51.069] comfyui-frontend-package not found in requirements.txt
[2025-08-23 00:25:51.269] FETCH ComfyRegistry Data: 5/95
[2025-08-23 00:25:55.188] FETCH ComfyRegistry Data: 10/95
[2025-08-23 00:25:59.010] FETCH ComfyRegistry Data: 15/95
[2025-08-23 00:26:00.697] got prompt
[2025-08-23 00:26:00.751] Using pytorch attention in VAE
[2025-08-23 00:26:00.752] Using pytorch attention in VAE
[2025-08-23 00:26:01.105] VAE load device: cuda:0, offload device: cpu, dtype: torch.bfloat16
[2025-08-23 00:26:01.279] Using scaled fp8: fp8 matrix mult: False, scale input: False
[2025-08-23 00:26:01.523] CLIP/text encoder model load device: cuda:0, offload device: cpu, current: cpu, dtype: torch.float16
[2025-08-23 00:26:02.855] FETCH ComfyRegistry Data: 20/95
[2025-08-23 00:26:06.900] FETCH ComfyRegistry Data: 25/95
[2025-08-23 00:26:10.908] FETCH ComfyRegistry Data: 30/95
[2025-08-23 00:26:12.317] Requested to load QwenImageTEModel_
[2025-08-23 00:26:14.403] loaded partially 5643.8 5643.740268707275 0
[2025-08-23 00:26:14.938] FETCH ComfyRegistry Data: 35/95
[2025-08-23 00:26:15.889] 0 models unloaded.
[2025-08-23 00:26:15.907] loaded partially 5643.740268802643 5643.740268707275 0
